# JRE version: OpenJDK Runtime Environment Microsoft-8035246 (17.0.8+7) (build 17.0.8+7-LTS)
# Java VM: OpenJDK 64-Bit Server VM Microsoft-8035246 (17.0.8+7-LTS, mixed mode, sharing, tiered, compressed oops, compressed class ptrs, g1 gc, windows-amd64)
GC Precious Log:
 CPUs: 12 total, 12 available
 Memory: 11644M
 Large Page Support: Disabled
 NUMA Support: Disabled
 Compressed Oops: Enabled (32-bit)
 Heap Region Size: 1M
 Heap Min Capacity: 8M
 Heap Initial Capacity: 182M
 Heap Max Capacity: 2G
 Pre-touch: Disabled
 Parallel Workers: 10
 Concurrent Workers: 3
 Concurrent Refinement Workers: 10
 Periodic GC: Disabled
Heap:
 garbage-first heap   total 301056K, used 223892K [0x0000000080000000, 0x0000000100000000)
  region size 1024K, 8 young (8192K), 6 survivors (6144K)
 Metaspace       used 106464K, committed 107584K, reserved 557056K
  class space    used 14596K, committed 15168K, reserved 425984K
GC Heap History (20 events):
Event: 22.463 GC heap before
{Heap before GC invocations=41 (full 0):
 garbage-first heap   total 270336K, used 218372K [0x0000000080000000, 0x0000000100000000)
  region size 1024K, 60 young (61440K), 10 survivors (10240K)
 Metaspace       used 98333K, committed 99328K, reserved 557056K
  class space    used 13656K, committed 14144K, reserved 425984K
}
Event: 22.470 GC heap after
{Heap after GC invocations=42 (full 0):
 garbage-first heap   total 270336K, used 176055K [0x0000000080000000, 0x0000000100000000)
  region size 1024K, 8 young (8192K), 8 survivors (8192K)
 Metaspace       used 98333K, committed 99328K, reserved 557056K
  class space    used 13656K, committed 14144K, reserved 425984K
}
Event: 23.086 GC heap before
{Heap before GC invocations=43 (full 0):
 garbage-first heap   total 301056K, used 218039K [0x0000000080000000, 0x0000000100000000)
  region size 1024K, 50 young (51200K), 8 survivors (8192K)
 Metaspace       used 101103K, committed 102208K, reserved 557056K
  class space    used 14002K, committed 14528K, reserved 425984K
}
Event: 23.094 GC heap after
{Heap after GC invocations=44 (full 0):
 garbage-first heap   total 301056K, used 182318K [0x0000000080000000, 0x0000000100000000)
  region size 1024K, 7 young (7168K), 7 survivors (7168K)
 Metaspace       used 101103K, committed 102208K, reserved 557056K
  class space    used 14002K, committed 14528K, reserved 425984K
}
Event: 23.156 GC heap before
{Heap before GC invocations=44 (full 0):
 garbage-first heap   total 301056K, used 189486K [0x0000000080000000, 0x0000000100000000)
  region size 1024K, 14 young (14336K), 7 survivors (7168K)
 Metaspace       used 101158K, committed 102208K, reserved 557056K
  class space    used 14003K, committed 14528K, reserved 425984K
}
Event: 23.160 GC heap after
{Heap after GC invocations=45 (full 0):
 garbage-first heap   total 301056K, used 183742K [0x0000000080000000, 0x0000000100000000)
  region size 1024K, 2 young (2048K), 2 survivors (2048K)
 Metaspace       used 101158K, committed 102208K, reserved 557056K
  class space    used 14003K, committed 14528K, reserved 425984K
}
Event: 23.638 GC heap before
{Heap before GC invocations=45 (full 0):
 garbage-first heap   total 301056K, used 244158K [0x0000000080000000, 0x0000000100000000)
  region size 1024K, 61 young (62464K), 2 survivors (2048K)
 Metaspace       used 103547K, committed 104576K, reserved 557056K
  class space    used 14285K, committed 14784K, reserved 425984K
}
Event: 23.644 GC heap after
{Heap after GC invocations=46 (full 0):
 garbage-first heap   total 301056K, used 192806K [0x0000000080000000, 0x0000000100000000)
  region size 1024K, 8 young (8192K), 8 survivors (8192K)
 Metaspace       used 103547K, committed 104576K, reserved 557056K
  class space    used 14285K, committed 14784K, reserved 425984K
}
Event: 24.258 GC heap before
{Heap before GC invocations=46 (full 0):
 garbage-first heap   total 301056K, used 245029K [0x0000000080000000, 0x0000000100000000)
  region size 1024K, 60 young (61440K), 8 survivors (8192K)
 Metaspace       used 104601K, committed 105664K, reserved 557056K
  class space    used 14409K, committed 14912K, reserved 425984K
}
Event: 24.265 GC heap after
{Heap after GC invocations=47 (full 0):
 garbage-first heap   total 301056K, used 198111K [0x0000000080000000, 0x0000000100000000)
  region size 1024K, 5 young (5120K), 5 survivors (5120K)
 Metaspace       used 104601K, committed 105664K, reserved 557056K
  class space    used 14409K, committed 14912K, reserved 425984K
}
Event: 24.403 GC heap before
{Heap before GC invocations=47 (full 0):
 garbage-first heap   total 301056K, used 248287K [0x0000000080000000, 0x0000000100000000)
  region size 1024K, 55 young (56320K), 5 survivors (5120K)
 Metaspace       used 104709K, committed 105792K, reserved 557056K
  class space    used 14410K, committed 14912K, reserved 425984K
}
Event: 24.408 GC heap after
{Heap after GC invocations=48 (full 0):
 garbage-first heap   total 301056K, used 202964K [0x0000000080000000, 0x0000000100000000)
  region size 1024K, 5 young (5120K), 5 survivors (5120K)
 Metaspace       used 104709K, committed 105792K, reserved 557056K
  class space    used 14410K, committed 14912K, reserved 425984K
}
Event: 24.801 GC heap before
{Heap before GC invocations=48 (full 0):
 garbage-first heap   total 301056K, used 255188K [0x0000000080000000, 0x0000000100000000)
  region size 1024K, 53 young (54272K), 5 survivors (5120K)
 Metaspace       used 104898K, committed 106048K, reserved 557056K
  class space    used 14422K, committed 14976K, reserved 425984K
}
Event: 24.805 GC heap after
{Heap after GC invocations=49 (full 0):
 garbage-first heap   total 301056K, used 205824K [0x0000000080000000, 0x0000000100000000)
  region size 1024K, 3 young (3072K), 3 survivors (3072K)
 Metaspace       used 104898K, committed 106048K, reserved 557056K
  class space    used 14422K, committed 14976K, reserved 425984K
}
Event: 24.984 GC heap before
{Heap before GC invocations=49 (full 0):
 garbage-first heap   total 301056K, used 249856K [0x0000000080000000, 0x0000000100000000)
  region size 1024K, 40 young (40960K), 3 survivors (3072K)
 Metaspace       used 105013K, committed 106176K, reserved 557056K
  class space    used 14425K, committed 14976K, reserved 425984K
}
Event: 24.988 GC heap after
{Heap after GC invocations=50 (full 0):
 garbage-first heap   total 301056K, used 208761K [0x0000000080000000, 0x0000000100000000)
  region size 1024K, 6 young (6144K), 6 survivors (6144K)
 Metaspace       used 105013K, committed 106176K, reserved 557056K
  class space    used 14425K, committed 14976K, reserved 425984K
}
Event: 25.203 GC heap before
{Heap before GC invocations=50 (full 0):
 garbage-first heap   total 301056K, used 263033K [0x0000000080000000, 0x0000000100000000)
  region size 1024K, 52 young (53248K), 6 survivors (6144K)
 Metaspace       used 105067K, committed 106176K, reserved 557056K
  class space    used 14427K, committed 14976K, reserved 425984K
}
Event: 25.209 GC heap after
{Heap after GC invocations=51 (full 0):
 garbage-first heap   total 301056K, used 212760K [0x0000000080000000, 0x0000000100000000)
  region size 1024K, 7 young (7168K), 7 survivors (7168K)
 Metaspace       used 105067K, committed 106176K, reserved 557056K
  class space    used 14427K, committed 14976K, reserved 425984K
}
Event: 25.422 GC heap before
{Heap before GC invocations=51 (full 0):
 garbage-first heap   total 301056K, used 260887K [0x0000000080000000, 0x0000000100000000)
  region size 1024K, 51 young (52224K), 7 survivors (7168K)
 Metaspace       used 105183K, committed 106304K, reserved 557056K
  class space    used 14441K, committed 14976K, reserved 425984K
}
Event: 25.427 GC heap after
{Heap after GC invocations=52 (full 0):
 garbage-first heap   total 301056K, used 216532K [0x0000000080000000, 0x0000000100000000)
  region size 1024K, 4 young (4096K), 4 survivors (4096K)
 Metaspace       used 105183K, committed 106304K, reserved 557056K
  class space    used 14441K, committed 14976K, reserved 425984K
}

